
synthesis -f "alu_8bit_impl1_lattice.synproj"
synthesis:  version Diamond (64-bit) 3.10.0.111.2

Copyright (c) 1991-1994 by NeoCAD Inc. All rights reserved.
Copyright (c) 1995 AT&T Corp.   All rights reserved.
Copyright (c) 1995-2001 Lucent Technologies Inc.  All rights reserved.
Copyright (c) 2001 Agere Systems   All rights reserved.
Copyright (c) 2002-2017 Lattice Semiconductor Corporation,  All rights reserved.
Mon Oct 29 09:00:30 2018


Command Line:  synthesis -f alu_8bit_impl1_lattice.synproj -gui -msgset D:/userdata/bruno.DESKTOP-N6S9QEB/Documents/Digital systems/Diamond/alu/promote.xml 

    <postMsg mid="35002000" type="Info"    dynamic="0" navigation="0"  />
Synthesis options:
The -a option is MachXO2.
The -s option is 4.
The -t option is TQFP144.
The -d option is LCMXO2-7000HE.
Using package TQFP144.
Using performance grade 4.
                                                          

##########################################################

### Lattice Family : MachXO2

### Device  : LCMXO2-7000HE

### Package : TQFP144

### Speed   : 4

##########################################################

                                                          

    <postMsg mid="35001781" type="Info"    dynamic="0" navigation="0"  />
Optimization goal = Balanced
Top-level module name = Top.
Target frequency = 200.000000 MHz.
Maximum fanout = 1000.
Timing path count = 3
BRAM utilization = 100.000000 %
DSP usage = true
DSP utilization = 100.000000 %
fsm_encoding_style = auto
resolve_mixed_drivers = 0
fix_gated_clocks = 1

Mux style = Auto
Use Carry Chain = true
carry_chain_length = 0
Loop Limit = 1950.
Use IO Insertion = TRUE
Use IO Reg = AUTO

Resource Sharing = TRUE
Propagate Constants = TRUE
Remove Duplicate Registers = TRUE
force_gsr = auto
ROM style = auto
RAM style = auto
The -comp option is FALSE.
The -syn option is FALSE.
-p C:/lattice/diamond/3.10_x64/ispfpga/xo2c00/data (searchpath added)
-p D:/userdata/bruno.DESKTOP-N6S9QEB/Documents/Digital systems/Diamond/alu/impl1 (searchpath added)
-p D:/userdata/bruno.DESKTOP-N6S9QEB/Documents/Digital systems/Diamond/alu (searchpath added)
VHDL library = work
VHDL design file = D:/userdata/bruno.DESKTOP-N6S9QEB/Documents/Digital systems/Diamond/alu/impl1/source/arithmetic_unit.vhd
VHDL design file = D:/userdata/bruno.DESKTOP-N6S9QEB/Documents/Digital systems/Diamond/alu/impl1/source/logic_unit.vhd
VHDL design file = D:/userdata/bruno.DESKTOP-N6S9QEB/Documents/Digital systems/Diamond/alu/impl1/source/components/debouncer.vhd
VHDL design file = D:/userdata/bruno.DESKTOP-N6S9QEB/Documents/Digital systems/Diamond/alu/impl1/source/components/decoder_7seg.vhd
VHDL design file = D:/userdata/bruno.DESKTOP-N6S9QEB/Documents/Digital systems/Diamond/alu/impl1/source/components/double_dabble.vhd
VHDL design file = D:/userdata/bruno.DESKTOP-N6S9QEB/Documents/Digital systems/Diamond/alu/impl1/source/top.vhd
VHDL design file = D:/userdata/bruno.DESKTOP-N6S9QEB/Documents/Digital systems/Diamond/alu/impl1/source/components/display_driver.vhd
NGD file = alu_8bit_impl1.ngd
-sdc option: SDC file input not used.
-lpf option: Output file option is ON.
Hardtimer checking is enabled (default). The -dt option is not used.
The -r option is OFF. [ Remove LOC Properties is OFF. ]
Technology check ok...

Analyzing Verilog file C:/lattice/diamond/3.10_x64/ispfpga/userware/NT/SYNTHESIS_HEADERS/machxo2.v. VERI-1482
Compile design.
Compile Design Begin
    <postMsg mid="35921504" type="Info"    dynamic="2" navigation="0" arg0="" arg1="D:/userdata/bruno.DESKTOP-N6S9QEB/Documents/Digital systems/Diamond/alu/impl1"  />
Analyzing VHDL file d:/userdata/bruno.desktop-n6s9qeb/documents/digital systems/diamond/alu/impl1/source/arithmetic_unit.vhd. VHDL-1481
    <postMsg mid="35921012" type="Info"    dynamic="2" navigation="2" arg0="d:/userdata/bruno.desktop-n6s9qeb/documents/digital systems/diamond/alu/impl1/source/arithmetic_unit.vhd(18): " arg1="arithmeticunit" arg2="d:/userdata/bruno.desktop-n6s9qeb/documents/digital systems/diamond/alu/impl1/source/arithmetic_unit.vhd" arg3="18"  />
    <postMsg mid="35921010" type="Info"    dynamic="2" navigation="2" arg0="d:/userdata/bruno.desktop-n6s9qeb/documents/digital systems/diamond/alu/impl1/source/arithmetic_unit.vhd(28): " arg1="behavior" arg2="d:/userdata/bruno.desktop-n6s9qeb/documents/digital systems/diamond/alu/impl1/source/arithmetic_unit.vhd" arg3="28"  />
unit Top is not yet analyzed. VHDL-1485
Analyzing VHDL file d:/userdata/bruno.desktop-n6s9qeb/documents/digital systems/diamond/alu/impl1/source/logic_unit.vhd. VHDL-1481
    <postMsg mid="35921012" type="Info"    dynamic="2" navigation="2" arg0="d:/userdata/bruno.desktop-n6s9qeb/documents/digital systems/diamond/alu/impl1/source/logic_unit.vhd(19): " arg1="logicunit" arg2="d:/userdata/bruno.desktop-n6s9qeb/documents/digital systems/diamond/alu/impl1/source/logic_unit.vhd" arg3="19"  />
    <postMsg mid="35921010" type="Info"    dynamic="2" navigation="2" arg0="d:/userdata/bruno.desktop-n6s9qeb/documents/digital systems/diamond/alu/impl1/source/logic_unit.vhd(31): " arg1="behavior" arg2="d:/userdata/bruno.desktop-n6s9qeb/documents/digital systems/diamond/alu/impl1/source/logic_unit.vhd" arg3="31"  />
unit Top is not yet analyzed. VHDL-1485
Analyzing VHDL file d:/userdata/bruno.desktop-n6s9qeb/documents/digital systems/diamond/alu/impl1/source/components/debouncer.vhd. VHDL-1481
    <postMsg mid="35921012" type="Info"    dynamic="2" navigation="2" arg0="d:/userdata/bruno.desktop-n6s9qeb/documents/digital systems/diamond/alu/impl1/source/components/debouncer.vhd(18): " arg1="debouncer" arg2="d:/userdata/bruno.desktop-n6s9qeb/documents/digital systems/diamond/alu/impl1/source/components/debouncer.vhd" arg3="18"  />
    <postMsg mid="35921010" type="Info"    dynamic="2" navigation="2" arg0="d:/userdata/bruno.desktop-n6s9qeb/documents/digital systems/diamond/alu/impl1/source/components/debouncer.vhd(28): " arg1="behavior" arg2="d:/userdata/bruno.desktop-n6s9qeb/documents/digital systems/diamond/alu/impl1/source/components/debouncer.vhd" arg3="28"  />
unit Top is not yet analyzed. VHDL-1485
Analyzing VHDL file d:/userdata/bruno.desktop-n6s9qeb/documents/digital systems/diamond/alu/impl1/source/components/decoder_7seg.vhd. VHDL-1481
    <postMsg mid="35921012" type="Info"    dynamic="2" navigation="2" arg0="d:/userdata/bruno.desktop-n6s9qeb/documents/digital systems/diamond/alu/impl1/source/components/decoder_7seg.vhd(17): " arg1="displaydecoder" arg2="d:/userdata/bruno.desktop-n6s9qeb/documents/digital systems/diamond/alu/impl1/source/components/decoder_7seg.vhd" arg3="17"  />
    <postMsg mid="35921010" type="Info"    dynamic="2" navigation="2" arg0="d:/userdata/bruno.desktop-n6s9qeb/documents/digital systems/diamond/alu/impl1/source/components/decoder_7seg.vhd(25): " arg1="behavior" arg2="d:/userdata/bruno.desktop-n6s9qeb/documents/digital systems/diamond/alu/impl1/source/components/decoder_7seg.vhd" arg3="25"  />
unit Top is not yet analyzed. VHDL-1485
Analyzing VHDL file d:/userdata/bruno.desktop-n6s9qeb/documents/digital systems/diamond/alu/impl1/source/components/double_dabble.vhd. VHDL-1481
    <postMsg mid="35921012" type="Info"    dynamic="2" navigation="2" arg0="d:/userdata/bruno.desktop-n6s9qeb/documents/digital systems/diamond/alu/impl1/source/components/double_dabble.vhd(18): " arg1="doubledabble" arg2="d:/userdata/bruno.desktop-n6s9qeb/documents/digital systems/diamond/alu/impl1/source/components/double_dabble.vhd" arg3="18"  />
    <postMsg mid="35921010" type="Info"    dynamic="2" navigation="2" arg0="d:/userdata/bruno.desktop-n6s9qeb/documents/digital systems/diamond/alu/impl1/source/components/double_dabble.vhd(28): " arg1="behavior" arg2="d:/userdata/bruno.desktop-n6s9qeb/documents/digital systems/diamond/alu/impl1/source/components/double_dabble.vhd" arg3="28"  />
unit Top is not yet analyzed. VHDL-1485
Analyzing VHDL file d:/userdata/bruno.desktop-n6s9qeb/documents/digital systems/diamond/alu/impl1/source/top.vhd. VHDL-1481
    <postMsg mid="35921240" type="Warning" dynamic="3" navigation="2" arg0="d:/userdata/bruno.desktop-n6s9qeb/documents/digital systems/diamond/alu/impl1/source/top.vhd(19): " arg1="components" arg2="lattice" arg3="d:/userdata/bruno.desktop-n6s9qeb/documents/digital systems/diamond/alu/impl1/source/top.vhd" arg4="19"  />
    <postMsg mid="35921012" type="Info"    dynamic="2" navigation="2" arg0="d:/userdata/bruno.desktop-n6s9qeb/documents/digital systems/diamond/alu/impl1/source/top.vhd(21): " arg1="top" arg2="d:/userdata/bruno.desktop-n6s9qeb/documents/digital systems/diamond/alu/impl1/source/top.vhd" arg3="21"  />
    <postMsg mid="35921010" type="Info"    dynamic="2" navigation="2" arg0="d:/userdata/bruno.desktop-n6s9qeb/documents/digital systems/diamond/alu/impl1/source/top.vhd(38): " arg1="behavior" arg2="d:/userdata/bruno.desktop-n6s9qeb/documents/digital systems/diamond/alu/impl1/source/top.vhd" arg3="38"  />
unit Top is not yet analyzed. VHDL-1485
unit Top is not yet analyzed. VHDL-1485
Analyzing VHDL file d:/userdata/bruno.desktop-n6s9qeb/documents/digital systems/diamond/alu/impl1/source/components/display_driver.vhd. VHDL-1481
    <postMsg mid="35921012" type="Info"    dynamic="2" navigation="2" arg0="d:/userdata/bruno.desktop-n6s9qeb/documents/digital systems/diamond/alu/impl1/source/components/display_driver.vhd(18): " arg1="displaydriver" arg2="d:/userdata/bruno.desktop-n6s9qeb/documents/digital systems/diamond/alu/impl1/source/components/display_driver.vhd" arg3="18"  />
    <postMsg mid="35921010" type="Info"    dynamic="2" navigation="2" arg0="d:/userdata/bruno.desktop-n6s9qeb/documents/digital systems/diamond/alu/impl1/source/components/display_driver.vhd(30): " arg1="behavior" arg2="d:/userdata/bruno.desktop-n6s9qeb/documents/digital systems/diamond/alu/impl1/source/components/display_driver.vhd" arg3="30"  />
unit Top is not yet analyzed. VHDL-1485
unit Top is not yet analyzed. VHDL-1485
    <postMsg mid="35001714" type="Warning" dynamic="1" navigation="0" arg0="segments[7]"  />
    <postMsg mid="35001714" type="Warning" dynamic="1" navigation="0" arg0="digit0[7]"  />
unit Top is not yet analyzed. VHDL-1485
d:/userdata/bruno.desktop-n6s9qeb/documents/digital systems/diamond/alu/impl1/source/top.vhd(21): executing Top(Behavior)

    <postMsg mid="35921303" type="Warning" dynamic="3" navigation="2" arg0="d:/userdata/bruno.desktop-n6s9qeb/documents/digital systems/diamond/alu/impl1/source/top.vhd(118): " arg1="&quot;UUUUUUUU&quot;" arg2="input_register" arg3="d:/userdata/bruno.desktop-n6s9qeb/documents/digital systems/diamond/alu/impl1/source/top.vhd" arg4="118"  />
    <postMsg mid="35921303" type="Warning" dynamic="3" navigation="2" arg0="d:/userdata/bruno.desktop-n6s9qeb/documents/digital systems/diamond/alu/impl1/source/top.vhd(131): " arg1="&quot;UUUU&quot;" arg2="bcd3" arg3="d:/userdata/bruno.desktop-n6s9qeb/documents/digital systems/diamond/alu/impl1/source/top.vhd" arg4="131"  />
    <postMsg mid="35001714" type="Warning" dynamic="1" navigation="0" arg0="digit0[7]"  />
	 instance decoding3

	 instance decoding2

	 instance decoding0

	 instance decoding0

	 instance decoding0

	 instance dlatchrs_237

    <postMsg mid="35931000" type="Error"   dynamic="4" navigation="2" arg0="d:/userdata/bruno.desktop-n6s9qeb/documents/digital systems/diamond/alu/impl1/source/top.vhd(155): " arg1="digit0[7]" arg2="decoding2" arg3="segments[3]" arg4="d:/userdata/bruno.desktop-n6s9qeb/documents/digital systems/diamond/alu/impl1/source/top.vhd" arg5="155"  />
